<?xml version="1.0" encoding="UTF-8"?>
<testng-results ignored="0" total="1" passed="1" failed="0" skipped="0">
  <reporter-output>
  </reporter-output>
  <suite started-at="2024-08-18T12:24:44 IST" name="Default suite" finished-at="2024-08-18T12:25:07 IST" duration-ms="22989">
    <groups>
      <group name="cucumber">
        <method signature="AbstractTestNGCucumberTests.runScenario(io.cucumber.testng.PickleWrapper,io.cucumber.testng.FeatureWrapper)[pri:0, instance:HealthCureOptions.TestngRunner@3ee39da0]" name="runScenario" class="io.cucumber.testng.AbstractTestNGCucumberTests"/>
      </group> <!-- cucumber -->
    </groups>
    <test started-at="2024-08-18T12:24:44 IST" name="Default test" finished-at="2024-08-18T12:25:07 IST" duration-ms="22989">
      <class name="HealthCureOptions.TestngRunner">
        <test-method is-config="true" signature="setUpClass(org.testng.ITestContext)[pri:0, instance:HealthCureOptions.TestngRunner@3ee39da0]" started-at="2024-08-18T12:24:44 IST" name="setUpClass" finished-at="2024-08-18T12:24:45 IST" duration-ms="1231" status="PASS">
          <params>
            <param index="0">
              <value>
                <![CDATA[org.testng.TestRunner@4fc3529]]>
              </value>
            </param>
          </params>
          <reporter-output>
          </reporter-output>
        </test-method> <!-- setUpClass -->
        <test-method signature="runScenario(io.cucumber.testng.PickleWrapper,io.cucumber.testng.FeatureWrapper)[pri:0, instance:HealthCureOptions.TestngRunner@3ee39da0]" started-at="2024-08-18T12:24:45 IST" name="runScenario" description="Runs Cucumber Scenarios" data-provider="scenarios" finished-at="2024-08-18T12:25:07 IST" duration-ms="21433" status="PASS">
          <params>
            <param index="0">
              <value>
                <![CDATA["Appointment booking with vaild credentials."]]>
              </value>
            </param>
            <param index="1">
              <value>
                <![CDATA["Booking appointment."]]>
              </value>
            </param>
          </params>
          <reporter-output>
          </reporter-output>
        </test-method> <!-- runScenario -->
        <test-method is-config="true" signature="tearDownClass()[pri:0, instance:HealthCureOptions.TestngRunner@3ee39da0]" started-at="2024-08-18T12:25:07 IST" name="tearDownClass" finished-at="2024-08-18T12:25:07 IST" duration-ms="15" status="PASS">
          <reporter-output>
          </reporter-output>
        </test-method> <!-- tearDownClass -->
      </class> <!-- HealthCureOptions.TestngRunner -->
    </test> <!-- Default test -->
  </suite> <!-- Default suite -->
</testng-results>
